[debug] [2024-04-12T16:29:29.233Z] ----------------------------------------------------------------------
[debug] [2024-04-12T16:29:29.236Z] Command:       C:\Program Files\nodejs\node.exe C:\Users\Sayf\AppData\Roaming\npm\node_modules\firebase-tools\lib\bin\firebase.js init hosting
[debug] [2024-04-12T16:29:29.237Z] CLI Version:   13.7.2
[debug] [2024-04-12T16:29:29.238Z] Platform:      win32
[debug] [2024-04-12T16:29:29.238Z] Node Version:  v18.19.1
[debug] [2024-04-12T16:29:29.240Z] Time:          Fri Apr 12 2024 17:29:29 GMT+0100 (GMT+01:00)
[debug] [2024-04-12T16:29:29.240Z] ----------------------------------------------------------------------
[debug] 
[debug] [2024-04-12T16:29:29.256Z] > command requires scopes: ["email","openid","https://www.googleapis.com/auth/cloudplatformprojects.readonly","https://www.googleapis.com/auth/firebase","https://www.googleapis.com/auth/cloud-platform"]
[debug] [2024-04-12T16:29:29.257Z] > authorizing via signed-in user (sayfrourou@gmail.com)
[info] 
     ######## #### ########  ######## ########     ###     ######  ########
     ##        ##  ##     ## ##       ##     ##  ##   ##  ##       ##
     ######    ##  ########  ######   ########  #########  ######  ######
     ##        ##  ##    ##  ##       ##     ## ##     ##       ## ##
     ##       #### ##     ## ######## ########  ##     ##  ######  ########

You're about to initialize a Firebase project in this directory:

  C:\Users\Sayf\Desktop\app\web

[info] 
=== Project Setup
[info] 
[info] First, let's associate this project directory with a Firebase project.
[info] You can create multiple project aliases by running firebase use --add, 
[info] but for now we'll just set up a default project.
[info] 
[debug] [2024-04-12T16:30:04.838Z] > refreshing access token with scopes: []
[debug] [2024-04-12T16:30:04.842Z] >>> [apiv2][query] POST https://www.googleapis.com/oauth2/v3/token [none]
[debug] [2024-04-12T16:30:04.842Z] >>> [apiv2][body] POST https://www.googleapis.com/oauth2/v3/token [omitted]
[debug] [2024-04-12T16:30:05.170Z] <<< [apiv2][status] POST https://www.googleapis.com/oauth2/v3/token 200
[debug] [2024-04-12T16:30:05.170Z] <<< [apiv2][body] POST https://www.googleapis.com/oauth2/v3/token [omitted]
[debug] [2024-04-12T16:30:05.189Z] >>> [apiv2][query] GET https://firebase.googleapis.com/v1beta1/projects pageSize=100
[debug] [2024-04-12T16:30:05.886Z] <<< [apiv2][status] GET https://firebase.googleapis.com/v1beta1/projects 200
[debug] [2024-04-12T16:30:05.886Z] <<< [apiv2][body] GET https://firebase.googleapis.com/v1beta1/projects [omitted]
[info] i  Using project mmgc-98beb (mmgc) 
[info] 
=== Hosting Setup
[debug] [2024-04-12T16:30:07.359Z] >>> [apiv2][query] GET https://firebase.googleapis.com/v1beta1/projects/mmgc-98beb [none]
[debug] [2024-04-12T16:30:07.730Z] <<< [apiv2][status] GET https://firebase.googleapis.com/v1beta1/projects/mmgc-98beb 200
[debug] [2024-04-12T16:30:07.730Z] <<< [apiv2][body] GET https://firebase.googleapis.com/v1beta1/projects/mmgc-98beb {"projectId":"mmgc-98beb","projectNumber":"576330168916","displayName":"mmgc","name":"projects/mmgc-98beb","resources":{"hostingSite":"mmgc-98beb","realtimeDatabaseInstance":"mmgc-98beb-default-rtdb"},"state":"ACTIVE","etag":"1_3ae999f1-1ae2-4f79-84b1-1ebbc6864503"}
[info] 
[info] Your public directory is the folder (relative to your project directory) that
[info] will contain Hosting assets to be uploaded with firebase deploy. If you
[info] have a build process for your assets, use your build's output directory.
[info] 
[debug] [2024-04-12T16:30:36.991Z] >>> [apiv2][query] GET https://www.gstatic.com/firebasejs/releases.json [none]
[debug] [2024-04-12T16:30:37.283Z] <<< [apiv2][status] GET https://www.gstatic.com/firebasejs/releases.json 200
[debug] [2024-04-12T16:30:37.285Z] <<< [apiv2][body] GET https://www.gstatic.com/firebasejs/releases.json {"current":{"version":"10.11.0","browserURL":"https://www.gstatic.com/firebasejs/10.11.0/firebase.js","packageURL":"https://www.gstatic.com/firebasejs/10.11.0/firebase.tgz"},"live":{"version":"10.11","browserURL":"https://www.gstatic.com/firebasejs/live/10.11/firebase.js","packageURL":"https://www.gstatic.com/firebasejs/live/10.11/firebase.tgz"},"components":{"analytics":"https://www.gstatic.com/firebasejs/10.11.0/firebase-analytics.js","app":"https://www.gstatic.com/firebasejs/10.11.0/firebase-app.js","app-check":"https://www.gstatic.com/firebasejs/10.11.0/firebase-app-check.js","auth":"https://www.gstatic.com/firebasejs/10.11.0/firebase-auth.js","auth/cordova":"https://www.gstatic.com/firebasejs/10.11.0/firebase-auth/cordova.js","auth/web-extension":"https://www.gstatic.com/firebasejs/10.11.0/firebase-auth/web-extension.js","functions":"https://www.gstatic.com/firebasejs/10.11.0/firebase-functions.js","firestore":"https://www.gstatic.com/firebasejs/10.11.0/firebase-firestore.js","firestore/lite":"https://www.gstatic.com/firebasejs/10.11.0/firebase-firestore/lite.js","installations":"https://www.gstatic.com/firebasejs/10.11.0/firebase-installations.js","storage":"https://www.gstatic.com/firebasejs/10.11.0/firebase-storage.js","performance":"https://www.gstatic.com/firebasejs/10.11.0/firebase-performance.js","remote-config":"https://www.gstatic.com/firebasejs/10.11.0/firebase-remote-config.js","messaging":"https://www.gstatic.com/firebasejs/10.11.0/firebase-messaging.js","messaging/sw":"https://www.gstatic.com/firebasejs/10.11.0/firebase-messaging/sw.js","database":"https://www.gstatic.com/firebasejs/10.11.0/firebase-database.js","firestore.memory":"https://www.gstatic.com/firebasejs/10.11.0/firebase-firestore.memory.js"}}
[info] +  Wrote public/index.html 
[info] 
[info] i  Detected a .git folder at C:\Users\Sayf\Desktop\app 
[info] i  Authorizing with GitHub to upload your service account to a GitHub repository's secrets store. 
[info] 
[info] Visit this URL on this device to log in:
[info] https://github.com/login/oauth/authorize?client_id=89cf50f02ac6aaed3484&state=691940016&redirect_uri=http%3A%2F%2Flocalhost%3A9005&scope=read%3Auser%20repo%20public_repo
[info] 
[info] Waiting for authentication...
[debug] [2024-04-12T16:30:56.915Z] >>> [apiv2][query] POST https://github.com/login/oauth/access_token [none]
[debug] [2024-04-12T16:30:56.915Z] >>> [apiv2][body] POST https://github.com/login/oauth/access_token [stream]
[debug] [2024-04-12T16:30:57.355Z] <<< [apiv2][status] POST https://github.com/login/oauth/access_token 200
[debug] [2024-04-12T16:30:57.356Z] <<< [apiv2][body] POST https://github.com/login/oauth/access_token {"access_token":"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","token_type":"bearer","scope":"read:user,repo"}
[debug] [2024-04-12T16:30:57.371Z] >>> [apiv2][query] GET https://api.github.com/user [none]
[debug] [2024-04-12T16:30:57.769Z] <<< [apiv2][status] GET https://api.github.com/user 200
[debug] [2024-04-12T16:30:57.770Z] <<< [apiv2][body] GET https://api.github.com/user {"login":"sayfpack13","id":80095684,"node_id":"MDQ6VXNlcjgwMDk1Njg0","avatar_url":"https://avatars.githubusercontent.com/u/80095684?v=4","gravatar_id":"","url":"https://api.github.com/users/sayfpack13","html_url":"https://github.com/sayfpack13","followers_url":"https://api.github.com/users/sayfpack13/followers","following_url":"https://api.github.com/users/sayfpack13/following{/other_user}","gists_url":"https://api.github.com/users/sayfpack13/gists{/gist_id}","starred_url":"https://api.github.com/users/sayfpack13/starred{/owner}{/repo}","subscriptions_url":"https://api.github.com/users/sayfpack13/subscriptions","organizations_url":"https://api.github.com/users/sayfpack13/orgs","repos_url":"https://api.github.com/users/sayfpack13/repos","events_url":"https://api.github.com/users/sayfpack13/events{/privacy}","received_events_url":"https://api.github.com/users/sayfpack13/received_events","type":"User","site_admin":false,"name":"Sayf Rourou","company":"mmgc.live","blog":"mmgc.live","location":"tunisia","email":null,"hireable":null,"bio":"Desktop/Web/Mobile apps developer..\r\nJavaScript\r\nJava\r\nHTML\r\nCSS\r\nReact\r\nPython\r\nC#\r\nC++\r\nPHP\r\n","twitter_username":null,"public_repos":20,"public_gists":0,"followers":1,"following":1,"created_at":"2021-03-05T08:45:57Z","updated_at":"2024-04-12T14:35:59Z","private_gists":0,"total_private_repos":3,"owned_private_repos":3,"disk_usage":351047,"collaborators":1,"two_factor_authentication":false,"plan":{"name":"pro","space":976562499,"collaborators":0,"private_repos":9999}}
[info] 
[info] +  Success! Logged into GitHub as sayfpack13 
[info] 
[debug] [2024-04-12T16:31:43.447Z] >>> [apiv2][query] GET https://api.github.com/repos/user/mmgc/actions/secrets/public-key type=owner
[debug] [2024-04-12T16:31:43.716Z] <<< [apiv2][status] GET https://api.github.com/repos/user/mmgc/actions/secrets/public-key 404
[debug] [2024-04-12T16:31:43.717Z] <<< [apiv2][body] GET https://api.github.com/repos/user/mmgc/actions/secrets/public-key {"message":"Not Found","documentation_url":"https://docs.github.com/rest/actions/secrets#get-a-repository-public-key"}
[info] 
[info] 
[error] !  The provided authorization cannot be used with this repository. If this repository is in an organization, did you remember to grant access? 
[info] 
[info] i  Action required: Visit this URL to ensure access has been granted to the appropriate organization(s) for the Firebase CLI GitHub OAuth App: 
[info] https://github.com/settings/connections/applications/89cf50f02ac6aaed3484
[info] 
[debug] [2024-04-12T16:32:27.624Z] >>> [apiv2][query] GET https://api.github.com/repos//actions/secrets/public-key type=owner
[debug] [2024-04-12T16:32:28.034Z] <<< [apiv2][status] GET https://api.github.com/repos//actions/secrets/public-key 404
[debug] [2024-04-12T16:32:28.034Z] <<< [apiv2][body] GET https://api.github.com/repos//actions/secrets/public-key {"message":"Not Found","documentation_url":"https://docs.github.com/rest"}
[info] 
[info] 
[error] !  The provided authorization cannot be used with this repository. If this repository is in an organization, did you remember to grant access? 
[info] 
[info] i  Action required: Visit this URL to ensure access has been granted to the appropriate organization(s) for the Firebase CLI GitHub OAuth App: 
[info] https://github.com/settings/connections/applications/89cf50f02ac6aaed3484
[info] 
[debug] [2024-04-12T16:33:12.839Z] >>> [apiv2][query] GET https://api.github.com/repos/sayfpack13/mmgc/actions/secrets/public-key type=owner
[debug] [2024-04-12T16:33:13.111Z] <<< [apiv2][status] GET https://api.github.com/repos/sayfpack13/mmgc/actions/secrets/public-key 404
[debug] [2024-04-12T16:33:13.112Z] <<< [apiv2][body] GET https://api.github.com/repos/sayfpack13/mmgc/actions/secrets/public-key {"message":"Not Found","documentation_url":"https://docs.github.com/rest/actions/secrets#get-a-repository-public-key"}
[info] 
[info] 
[error] !  The provided authorization cannot be used with this repository. If this repository is in an organization, did you remember to grant access? 
[info] 
[info] i  Action required: Visit this URL to ensure access has been granted to the appropriate organization(s) for the Firebase CLI GitHub OAuth App: 
[info] https://github.com/settings/connections/applications/89cf50f02ac6aaed3484
[info] 
